DEBUG:root:self.local_height 5772
DEBUG:root:self.blockchain.height 5772
DEBUG:root:self.local_height 5772
DEBUG:root:run
DEBUG:root:hist
DEBUG:root:txs
DEBUG:root:[[u'cf563787eab4d2455ea7d9f08dbe361c370d78d1040ebe9691407b00652981a2', 29060]]
DEBUG:root:[]
DEBUG:root:tx_height
DEBUG:root:unverified
DEBUG:root:29060
DEBUG:root:[]
DEBUG:root:try
DEBUG:root:self.local_height 5772
DEBUG:root:self.blockchain.height 5772
DEBUG:root:self.local_height 5772
DEBUG:root:hereeeeee
DEBUG:root:tx_hash
DEBUG:root:cf563787eab4d2455ea7d9f08dbe361c370d78d1040ebe9691407b00652981a2
DEBUG:root:conf
DEBUG:root:-1
DEBUG:root:timestamp
DEBUG:root:None
DEBUG:root:h
DEBUG:root:[(u'cf563787eab4d2455ea7d9f08dbe361c370d78d1040ebe9691407b00652981a2', -1, 10000000000000, None, 10000000000000)]
DEBUG:root:domain
DEBUG:root:['DNmikPJmNqLBbrKznG4x1RNVvH871f1E2T', 'DSuLXkCBQjKBP3ym9VgPosYiwQ4vKoynqi', 'D5qhG6ue38CfiZUMx2PCpraWWusV1ifopH', 'D9jLsZYCDWVgDTqghmuEwSBWwzsLqWjF4R', 'DEoJTVyN9cWyQsnuikjQjQs7peZ8nXsbfQ', 'DJu1Dxr7SvNaihPLXLwg1kDXMFzPUGHkM1', 'DHH7FvezkN4bNELgEdphE2USxk6c2Xy65L', 'DFshwodLxD2zwk6SEDX2aXwwwPAYb7o3XC', 'DEtTVXhhDyvEqtk4kU2LbUqnh4sz8Kq5km', 'DPLBbS4gUbiZcEPLmTdainnM9pEq2QYXxe', 'DFrAuZhgqhb7ah6pcEKoect3AtX32ExVsH', 'DCBXqmsboiseRgp57d4G4jm63CcUMr8nV8', 'DTZtqMZq1tWEzt7SnF4Z7YQn86eV6peaek', 'DE1ogxyvtZEnuWd87ZK7kh9eipL4eBvP5k', 'DHgYHENRAHGFYjnZJsGBegcY8mze72cfMP', 'DBWX5JPnCiZbq5ccyF4wdg2qF25ph6bMb5', 'D8YaETBvcPhwDWUYFYbxnG2SBbMy3UQHtS', 'DS5nigkkFPKkRYB432jayggfDjidBUqD64', 'DJPpMfghP1kgZ9TEmjwKZ7CQbVgXB7Sw63', 'DTpEf4Psqz5YcYwJGuDm6xsE9K7kWrCvba', 'DPXxpRmvTmJ5YFDnbJ5ipaUXY9tnnso1fs', 'DJBRB9jiz84va3rtTtkuhphuUu98JjFgeC', 'D8g2uRWr7gn9yZoqUf4CB2RUvm1T4RdC6z', 'D5anpgoGPEBFV2LiySTCreDtYxQ1gLPZwG', 'DQxNcVbUzudqo7a6CiAe918jDdSmdy2wRs', 'DDTw722ewHLFQ5Ev58fVatwCon8rXAA16g']
DEBUG:root:self.current_account
DEBUG:root:None
DEBUG:root:[(u'cf563787eab4d2455ea7d9f08dbe361c370d78d1040ebe9691407b00652981a2', -1, 10000000000000, None, 10000000000000)]
DEBUG:root:process_response
DEBUG:root:method blockchain.headers.subscribe
DEBUG:root:self.local_height 5772
DEBUG:root:self.blockchain.height 5772
DEBUG:root:self.local_height 5772
DEBUG:root:self.local_height 5772
DEBUG:root:self.blockchain.height 5772
DEBUG:root:self.local_height 5772
DEBUG:root:self.local_height 5772
DEBUG:root:self.blockchain.height 5772
DEBUG:root:self.local_height 5772
DEBUG:root:bc_request_headers
DEBUG:root:request_header
DEBUG:root:process_response
DEBUG:root:method blockchain.address.subscribe
DEBUG:root:process_response
DEBUG:root:method blockchain.address.subscribe
DEBUG:root:process_response
DEBUG:root:method blockchain.address.subscribe
DEBUG:root:process_response
DEBUG:root:method blockchain.address.subscribe
DEBUG:root:process_response
DEBUG:root:method blockchain.address.subscribe
DEBUG:root:process_response
DEBUG:root:method blockchain.address.subscribe
DEBUG:root:process_response
DEBUG:root:method blockchain.address.subscribe
DEBUG:root:process_response
DEBUG:root:method blockchain.address.subscribe
DEBUG:root:process_response
DEBUG:root:method blockchain.address.subscribe
DEBUG:root:process_response
DEBUG:root:method blockchain.address.subscribe
DEBUG:root:process_response
DEBUG:root:method blockchain.address.subscribe
DEBUG:root:process_response
DEBUG:root:method blockchain.address.subscribe
DEBUG:root:process_response
DEBUG:root:method blockchain.address.subscribe
DEBUG:root:process_response
DEBUG:root:method blockchain.address.subscribe
DEBUG:root:process_response
DEBUG:root:method blockchain.address.subscribe
DEBUG:root:process_response
DEBUG:root:method blockchain.address.subscribe
DEBUG:root:process_response
DEBUG:root:method blockchain.address.subscribe
DEBUG:root:process_response
DEBUG:root:method blockchain.address.subscribe
DEBUG:root:process_response
DEBUG:root:method blockchain.address.subscribe
DEBUG:root:process_response
DEBUG:root:method blockchain.address.subscribe
DEBUG:root:process_response
DEBUG:root:method blockchain.address.subscribe
DEBUG:root:process_response
DEBUG:root:method blockchain.address.subscribe
DEBUG:root:process_response
DEBUG:root:method blockchain.address.subscribe
DEBUG:root:process_response
DEBUG:root:method blockchain.address.subscribe
DEBUG:root:process_response
DEBUG:root:method blockchain.address.subscribe
DEBUG:root:process_response
DEBUG:root:method blockchain.address.subscribe
DEBUG:root:process_response
DEBUG:root:method server.banner
DEBUG:root:process_response
DEBUG:root:method server.peers.subscribe
DEBUG:root:process_response
DEBUG:root:method blockchain.address.subscribe
DEBUG:root:process_response
DEBUG:root:method blockchain.address.subscribe
DEBUG:root:process_response
DEBUG:root:method blockchain.address.subscribe
DEBUG:root:process_response
DEBUG:root:method blockchain.address.subscribe
DEBUG:root:process_response
DEBUG:root:method blockchain.address.subscribe
DEBUG:root:process_response
DEBUG:root:method blockchain.address.subscribe
DEBUG:root:process_response
DEBUG:root:method blockchain.address.subscribe
DEBUG:root:process_response
DEBUG:root:method blockchain.address.subscribe
DEBUG:root:process_response
DEBUG:root:method blockchain.address.subscribe
DEBUG:root:process_response
DEBUG:root:method blockchain.address.subscribe
DEBUG:root:process_response
DEBUG:root:method blockchain.address.subscribe
DEBUG:root:hereeeeee
DEBUG:root:tx_hash
DEBUG:root:cf563787eab4d2455ea7d9f08dbe361c370d78d1040ebe9691407b00652981a2
DEBUG:root:conf
DEBUG:root:-1
DEBUG:root:timestamp
DEBUG:root:None
DEBUG:root:process_response
DEBUG:root:method blockchain.address.subscribe
DEBUG:root:process_response
DEBUG:root:method blockchain.address.subscribe
DEBUG:root:process_response
DEBUG:root:method blockchain.address.subscribe
DEBUG:root:process_response
DEBUG:root:method blockchain.address.subscribe
DEBUG:root:process_response
DEBUG:root:method blockchain.address.subscribe
DEBUG:root:process_response
DEBUG:root:method blockchain.address.subscribe
DEBUG:root:process_response
DEBUG:root:method blockchain.address.subscribe
DEBUG:root:process_response
DEBUG:root:method blockchain.address.subscribe
DEBUG:root:process_response
DEBUG:root:method blockchain.address.subscribe
DEBUG:root:process_response
DEBUG:root:method blockchain.address.subscribe
DEBUG:root:process_response
DEBUG:root:method blockchain.address.subscribe
DEBUG:root:process_response
DEBUG:root:method blockchain.address.subscribe
DEBUG:root:process_response
DEBUG:root:method blockchain.address.subscribe
DEBUG:root:process_response
DEBUG:root:method blockchain.address.subscribe
DEBUG:root:process_response
DEBUG:root:method blockchain.address.subscribe
DEBUG:root:hereeeeee
DEBUG:root:tx_hash
DEBUG:root:cf563787eab4d2455ea7d9f08dbe361c370d78d1040ebe9691407b00652981a2
DEBUG:root:conf
DEBUG:root:-1
DEBUG:root:timestamp
DEBUG:root:None
DEBUG:root:h
DEBUG:root:[(u'cf563787eab4d2455ea7d9f08dbe361c370d78d1040ebe9691407b00652981a2', -1, 10000000000000, None, 10000000000000)]
DEBUG:root:domain
DEBUG:root:['DNmikPJmNqLBbrKznG4x1RNVvH871f1E2T', 'DSuLXkCBQjKBP3ym9VgPosYiwQ4vKoynqi', 'D5qhG6ue38CfiZUMx2PCpraWWusV1ifopH', 'D9jLsZYCDWVgDTqghmuEwSBWwzsLqWjF4R', 'DEoJTVyN9cWyQsnuikjQjQs7peZ8nXsbfQ', 'DJu1Dxr7SvNaihPLXLwg1kDXMFzPUGHkM1', 'DHH7FvezkN4bNELgEdphE2USxk6c2Xy65L', 'DFshwodLxD2zwk6SEDX2aXwwwPAYb7o3XC', 'DEtTVXhhDyvEqtk4kU2LbUqnh4sz8Kq5km', 'DPLBbS4gUbiZcEPLmTdainnM9pEq2QYXxe', 'DFrAuZhgqhb7ah6pcEKoect3AtX32ExVsH', 'DCBXqmsboiseRgp57d4G4jm63CcUMr8nV8', 'DTZtqMZq1tWEzt7SnF4Z7YQn86eV6peaek', 'DE1ogxyvtZEnuWd87ZK7kh9eipL4eBvP5k', 'DHgYHENRAHGFYjnZJsGBegcY8mze72cfMP', 'DBWX5JPnCiZbq5ccyF4wdg2qF25ph6bMb5', 'D8YaETBvcPhwDWUYFYbxnG2SBbMy3UQHtS', 'DS5nigkkFPKkRYB432jayggfDjidBUqD64', 'DJPpMfghP1kgZ9TEmjwKZ7CQbVgXB7Sw63', 'DTpEf4Psqz5YcYwJGuDm6xsE9K7kWrCvba', 'DPXxpRmvTmJ5YFDnbJ5ipaUXY9tnnso1fs', 'DJBRB9jiz84va3rtTtkuhphuUu98JjFgeC', 'D8g2uRWr7gn9yZoqUf4CB2RUvm1T4RdC6z', 'D5anpgoGPEBFV2LiySTCreDtYxQ1gLPZwG', 'DQxNcVbUzudqo7a6CiAe918jDdSmdy2wRs', 'DDTw722ewHLFQ5Ev58fVatwCon8rXAA16g']
DEBUG:root:self.current_account
DEBUG:root:None
DEBUG:root:[(u'cf563787eab4d2455ea7d9f08dbe361c370d78d1040ebe9691407b00652981a2', -1, 10000000000000, None, 10000000000000)]
DEBUG:root:process_response
DEBUG:root:method blockchain.block.get_header
DEBUG:root:on_get_header
DEBUG:root:connect_header
DEBUG:root:request_header
DEBUG:root:process_response
DEBUG:root:method blockchain.block.get_header
DEBUG:root:on_get_header
DEBUG:root:connect_header
DEBUG:root:request_header
DEBUG:root:process_response
DEBUG:root:method blockchain.block.get_header
DEBUG:root:on_get_header
DEBUG:root:connect_header
DEBUG:root:request_header
DEBUG:root:process_response
DEBUG:root:method blockchain.block.get_header
DEBUG:root:on_get_header
DEBUG:root:connect_header
DEBUG:root:request_header
DEBUG:root:process_response
DEBUG:root:method blockchain.block.get_header
DEBUG:root:on_get_header
DEBUG:root:connect_header
DEBUG:root:request_header
DEBUG:root:process_response
DEBUG:root:method blockchain.block.get_header
DEBUG:root:on_get_header
DEBUG:root:connect_header
DEBUG:root:request_header
DEBUG:root:process_response
DEBUG:root:method blockchain.block.get_header
DEBUG:root:on_get_header
DEBUG:root:connect_header
DEBUG:root:request_header
DEBUG:root:process_response
DEBUG:root:method blockchain.block.get_header
DEBUG:root:on_get_header
DEBUG:root:connect_header
DEBUG:root:request_header
DEBUG:root:process_response
DEBUG:root:method blockchain.block.get_header
DEBUG:root:on_get_header
DEBUG:root:connect_header
DEBUG:root:request_header
DEBUG:root:Queue.Empty
DEBUG:root:29060
DEBUG:root:self.get_local_height()
DEBUG:root:5772
DEBUG:root:txs
DEBUG:root:[]
DEBUG:root:unverified
DEBUG:root:[]
DEBUG:root:try
DEBUG:root:process_response
DEBUG:root:method blockchain.block.get_header
DEBUG:root:on_get_header
DEBUG:root:connect_header
DEBUG:root:request_header
DEBUG:root:process_response
DEBUG:root:method blockchain.block.get_header
DEBUG:root:on_get_header
DEBUG:root:connect_header
DEBUG:root:request_header
DEBUG:root:process_response
DEBUG:root:method blockchain.block.get_header
DEBUG:root:on_get_header
DEBUG:root:connect_header
DEBUG:root:request_header
DEBUG:root:process_response
DEBUG:root:method blockchain.block.get_header
DEBUG:root:on_get_header
DEBUG:root:connect_header
DEBUG:root:request_header
DEBUG:root:process_response
DEBUG:root:method blockchain.block.get_header
DEBUG:root:on_get_header
DEBUG:root:connect_header
DEBUG:root:request_header
DEBUG:root:process_response
DEBUG:root:method blockchain.block.get_header
DEBUG:root:on_get_header
DEBUG:root:connect_header
DEBUG:root:request_header
DEBUG:root:process_response
DEBUG:root:method blockchain.block.get_header
DEBUG:root:on_get_header
DEBUG:root:connect_header
DEBUG:root:request_header
DEBUG:root:process_response
DEBUG:root:method blockchain.block.get_header
DEBUG:root:on_get_header
DEBUG:root:connect_header
DEBUG:root:request_header
DEBUG:root:process_response
DEBUG:root:method blockchain.block.get_header
DEBUG:root:on_get_header
DEBUG:root:connect_header
DEBUG:root:request_header
DEBUG:root:process_response
DEBUG:root:method blockchain.block.get_header
DEBUG:root:on_get_header
DEBUG:root:connect_header
DEBUG:root:request_header
DEBUG:root:Queue.Empty
DEBUG:root:29060
DEBUG:root:self.get_local_height()
DEBUG:root:5772
DEBUG:root:txs
DEBUG:root:[]
DEBUG:root:unverified
DEBUG:root:[]
DEBUG:root:try
DEBUG:root:process_response
DEBUG:root:method blockchain.block.get_header
DEBUG:root:on_get_header
DEBUG:root:connect_header
DEBUG:root:request_header
DEBUG:root:process_response
DEBUG:root:method blockchain.block.get_header
DEBUG:root:on_get_header
DEBUG:root:connect_header
DEBUG:root:request_header
DEBUG:root:process_response
DEBUG:root:method blockchain.block.get_header
DEBUG:root:on_get_header
DEBUG:root:connect_header
DEBUG:root:request_header
DEBUG:root:process_response
DEBUG:root:method blockchain.block.get_header
DEBUG:root:on_get_header
DEBUG:root:connect_header
DEBUG:root:request_header
DEBUG:root:process_response
DEBUG:root:method blockchain.block.get_header
DEBUG:root:on_get_header
DEBUG:root:connect_header
DEBUG:root:request_header
DEBUG:root:process_response
DEBUG:root:method blockchain.block.get_header
DEBUG:root:on_get_header
DEBUG:root:connect_header
DEBUG:root:request_header
DEBUG:root:process_response
DEBUG:root:method blockchain.block.get_header
DEBUG:root:on_get_header
DEBUG:root:connect_header
DEBUG:root:request_header
DEBUG:root:process_response
DEBUG:root:method blockchain.block.get_header
DEBUG:root:on_get_header
DEBUG:root:connect_header
DEBUG:root:request_header
DEBUG:root:process_response
DEBUG:root:method blockchain.headers.subscribe
DEBUG:root:self.local_height 5772
DEBUG:root:self.blockchain.height 5772
DEBUG:root:self.local_height 5772
DEBUG:root:self.local_height 5772
DEBUG:root:self.blockchain.height 5772
DEBUG:root:self.local_height 5772
DEBUG:root:hereeeeee
DEBUG:root:tx_hash
DEBUG:root:cf563787eab4d2455ea7d9f08dbe361c370d78d1040ebe9691407b00652981a2
DEBUG:root:conf
DEBUG:root:-1
DEBUG:root:timestamp
DEBUG:root:None
DEBUG:root:process_response
DEBUG:root:method blockchain.block.get_header
DEBUG:root:on_get_header
DEBUG:root:connect_header
DEBUG:root:request_header
DEBUG:root:hereeeeee
DEBUG:root:tx_hash
DEBUG:root:cf563787eab4d2455ea7d9f08dbe361c370d78d1040ebe9691407b00652981a2
DEBUG:root:conf
DEBUG:root:-1
DEBUG:root:timestamp
DEBUG:root:None
DEBUG:root:h
DEBUG:root:[(u'cf563787eab4d2455ea7d9f08dbe361c370d78d1040ebe9691407b00652981a2', -1, 10000000000000, None, 10000000000000)]
DEBUG:root:domain
DEBUG:root:['DNmikPJmNqLBbrKznG4x1RNVvH871f1E2T', 'DSuLXkCBQjKBP3ym9VgPosYiwQ4vKoynqi', 'D5qhG6ue38CfiZUMx2PCpraWWusV1ifopH', 'D9jLsZYCDWVgDTqghmuEwSBWwzsLqWjF4R', 'DEoJTVyN9cWyQsnuikjQjQs7peZ8nXsbfQ', 'DJu1Dxr7SvNaihPLXLwg1kDXMFzPUGHkM1', 'DHH7FvezkN4bNELgEdphE2USxk6c2Xy65L', 'DFshwodLxD2zwk6SEDX2aXwwwPAYb7o3XC', 'DEtTVXhhDyvEqtk4kU2LbUqnh4sz8Kq5km', 'DPLBbS4gUbiZcEPLmTdainnM9pEq2QYXxe', 'DFrAuZhgqhb7ah6pcEKoect3AtX32ExVsH', 'DCBXqmsboiseRgp57d4G4jm63CcUMr8nV8', 'DTZtqMZq1tWEzt7SnF4Z7YQn86eV6peaek', 'DE1ogxyvtZEnuWd87ZK7kh9eipL4eBvP5k', 'DHgYHENRAHGFYjnZJsGBegcY8mze72cfMP', 'DBWX5JPnCiZbq5ccyF4wdg2qF25ph6bMb5', 'D8YaETBvcPhwDWUYFYbxnG2SBbMy3UQHtS', 'DS5nigkkFPKkRYB432jayggfDjidBUqD64', 'DJPpMfghP1kgZ9TEmjwKZ7CQbVgXB7Sw63', 'DTpEf4Psqz5YcYwJGuDm6xsE9K7kWrCvba', 'DPXxpRmvTmJ5YFDnbJ5ipaUXY9tnnso1fs', 'DJBRB9jiz84va3rtTtkuhphuUu98JjFgeC', 'D8g2uRWr7gn9yZoqUf4CB2RUvm1T4RdC6z', 'D5anpgoGPEBFV2LiySTCreDtYxQ1gLPZwG', 'DQxNcVbUzudqo7a6CiAe918jDdSmdy2wRs', 'DDTw722ewHLFQ5Ev58fVatwCon8rXAA16g']
DEBUG:root:self.current_account
DEBUG:root:None
DEBUG:root:[(u'cf563787eab4d2455ea7d9f08dbe361c370d78d1040ebe9691407b00652981a2', -1, 10000000000000, None, 10000000000000)]
DEBUG:root:process_response
DEBUG:root:method blockchain.block.get_header
DEBUG:root:on_get_header
DEBUG:root:connect_header
DEBUG:root:request_header
DEBUG:root:process_response
DEBUG:root:method blockchain.block.get_header
DEBUG:root:on_get_header
DEBUG:root:connect_header
DEBUG:root:request_header
DEBUG:root:Queue.Empty
DEBUG:root:29060
DEBUG:root:self.get_local_height()
DEBUG:root:5772
DEBUG:root:txs
DEBUG:root:[]
DEBUG:root:unverified
DEBUG:root:[]
DEBUG:root:try
DEBUG:root:process_response
DEBUG:root:method blockchain.block.get_header
DEBUG:root:on_get_header
DEBUG:root:connect_header
DEBUG:root:request_header
DEBUG:root:process_response
DEBUG:root:method blockchain.block.get_header
DEBUG:root:on_get_header
DEBUG:root:connect_header
DEBUG:root:request_header
DEBUG:root:process_response
DEBUG:root:method blockchain.block.get_header
DEBUG:root:on_get_header
DEBUG:root:connect_header
DEBUG:root:request_header
DEBUG:root:process_response
DEBUG:root:method blockchain.block.get_header
DEBUG:root:on_get_header
DEBUG:root:connect_header
DEBUG:root:request_header
DEBUG:root:process_response
DEBUG:root:method blockchain.block.get_header
DEBUG:root:on_get_header
DEBUG:root:connect_header
DEBUG:root:request_header
DEBUG:root:process_response
DEBUG:root:method blockchain.block.get_header
DEBUG:root:on_get_header
DEBUG:root:connect_header
DEBUG:root:request_header
DEBUG:root:process_response
DEBUG:root:method blockchain.block.get_header
DEBUG:root:on_get_header
DEBUG:root:connect_header
DEBUG:root:request_header
DEBUG:root:process_response
DEBUG:root:Queue.Empty
DEBUG:root:method blockchain.block.get_header
DEBUG:root:on_get_header
DEBUG:root:29060
DEBUG:root:connect_header
DEBUG:root:self.get_local_height()
DEBUG:root:5772
DEBUG:root:txs
DEBUG:root:[]
DEBUG:root:unverified
DEBUG:root:[]
DEBUG:root:try
DEBUG:root:request_header
DEBUG:root:Queue.Empty
DEBUG:root:self.local_height 5772
DEBUG:root:self.blockchain.height 5772
DEBUG:root:self.local_height 5772
DEBUG:root:hist
DEBUG:root:run
DEBUG:root:[[u'cf563787eab4d2455ea7d9f08dbe361c370d78d1040ebe9691407b00652981a2', 29060]]
DEBUG:root:txs
DEBUG:root:tx_height
DEBUG:root:[]
DEBUG:root:29060
DEBUG:root:unverified
DEBUG:root:[]
DEBUG:root:try
DEBUG:root:hereeeeee
DEBUG:root:tx_hash
DEBUG:root:cf563787eab4d2455ea7d9f08dbe361c370d78d1040ebe9691407b00652981a2
DEBUG:root:conf
DEBUG:root:-1
DEBUG:root:timestamp
DEBUG:root:None
DEBUG:root:h
DEBUG:root:[(u'cf563787eab4d2455ea7d9f08dbe361c370d78d1040ebe9691407b00652981a2', -1, 10000000000000, None, 10000000000000)]
DEBUG:root:domain
DEBUG:root:['DNmikPJmNqLBbrKznG4x1RNVvH871f1E2T', 'DSuLXkCBQjKBP3ym9VgPosYiwQ4vKoynqi', 'D5qhG6ue38CfiZUMx2PCpraWWusV1ifopH', 'D9jLsZYCDWVgDTqghmuEwSBWwzsLqWjF4R', 'DEoJTVyN9cWyQsnuikjQjQs7peZ8nXsbfQ', 'DJu1Dxr7SvNaihPLXLwg1kDXMFzPUGHkM1', 'DHH7FvezkN4bNELgEdphE2USxk6c2Xy65L', 'DFshwodLxD2zwk6SEDX2aXwwwPAYb7o3XC', 'DEtTVXhhDyvEqtk4kU2LbUqnh4sz8Kq5km', 'DPLBbS4gUbiZcEPLmTdainnM9pEq2QYXxe', 'DFrAuZhgqhb7ah6pcEKoect3AtX32ExVsH', 'DCBXqmsboiseRgp57d4G4jm63CcUMr8nV8', 'DTZtqMZq1tWEzt7SnF4Z7YQn86eV6peaek', 'DE1ogxyvtZEnuWd87ZK7kh9eipL4eBvP5k', 'DHgYHENRAHGFYjnZJsGBegcY8mze72cfMP', 'DBWX5JPnCiZbq5ccyF4wdg2qF25ph6bMb5', 'D8YaETBvcPhwDWUYFYbxnG2SBbMy3UQHtS', 'DS5nigkkFPKkRYB432jayggfDjidBUqD64', 'DJPpMfghP1kgZ9TEmjwKZ7CQbVgXB7Sw63', 'DTpEf4Psqz5YcYwJGuDm6xsE9K7kWrCvba', 'DPXxpRmvTmJ5YFDnbJ5ipaUXY9tnnso1fs', 'DJBRB9jiz84va3rtTtkuhphuUu98JjFgeC', 'D8g2uRWr7gn9yZoqUf4CB2RUvm1T4RdC6z', 'D5anpgoGPEBFV2LiySTCreDtYxQ1gLPZwG', 'DQxNcVbUzudqo7a6CiAe918jDdSmdy2wRs', 'DDTw722ewHLFQ5Ev58fVatwCon8rXAA16g']
DEBUG:root:self.current_account
DEBUG:root:None
DEBUG:root:[(u'cf563787eab4d2455ea7d9f08dbe361c370d78d1040ebe9691407b00652981a2', -1, 10000000000000, None, 10000000000000)]
DEBUG:root:hereeeeee
DEBUG:root:tx_hash
DEBUG:root:cf563787eab4d2455ea7d9f08dbe361c370d78d1040ebe9691407b00652981a2
DEBUG:root:conf
DEBUG:root:-1
DEBUG:root:timestamp
DEBUG:root:None
DEBUG:root:h
DEBUG:root:[(u'cf563787eab4d2455ea7d9f08dbe361c370d78d1040ebe9691407b00652981a2', -1, 10000000000000, None, 10000000000000)]
DEBUG:root:domain
DEBUG:root:['DNmikPJmNqLBbrKznG4x1RNVvH871f1E2T', 'DSuLXkCBQjKBP3ym9VgPosYiwQ4vKoynqi', 'D5qhG6ue38CfiZUMx2PCpraWWusV1ifopH', 'D9jLsZYCDWVgDTqghmuEwSBWwzsLqWjF4R', 'DEoJTVyN9cWyQsnuikjQjQs7peZ8nXsbfQ', 'DJu1Dxr7SvNaihPLXLwg1kDXMFzPUGHkM1', 'DHH7FvezkN4bNELgEdphE2USxk6c2Xy65L', 'DFshwodLxD2zwk6SEDX2aXwwwPAYb7o3XC', 'DEtTVXhhDyvEqtk4kU2LbUqnh4sz8Kq5km', 'DPLBbS4gUbiZcEPLmTdainnM9pEq2QYXxe', 'DFrAuZhgqhb7ah6pcEKoect3AtX32ExVsH', 'DCBXqmsboiseRgp57d4G4jm63CcUMr8nV8', 'DTZtqMZq1tWEzt7SnF4Z7YQn86eV6peaek', 'DE1ogxyvtZEnuWd87ZK7kh9eipL4eBvP5k', 'DHgYHENRAHGFYjnZJsGBegcY8mze72cfMP', 'DBWX5JPnCiZbq5ccyF4wdg2qF25ph6bMb5', 'D8YaETBvcPhwDWUYFYbxnG2SBbMy3UQHtS', 'DS5nigkkFPKkRYB432jayggfDjidBUqD64', 'DJPpMfghP1kgZ9TEmjwKZ7CQbVgXB7Sw63', 'DTpEf4Psqz5YcYwJGuDm6xsE9K7kWrCvba', 'DPXxpRmvTmJ5YFDnbJ5ipaUXY9tnnso1fs', 'DJBRB9jiz84va3rtTtkuhphuUu98JjFgeC', 'D8g2uRWr7gn9yZoqUf4CB2RUvm1T4RdC6z', 'D5anpgoGPEBFV2LiySTCreDtYxQ1gLPZwG', 'DQxNcVbUzudqo7a6CiAe918jDdSmdy2wRs', 'DDTw722ewHLFQ5Ev58fVatwCon8rXAA16g']
DEBUG:root:self.current_account
DEBUG:root:None
DEBUG:root:[(u'cf563787eab4d2455ea7d9f08dbe361c370d78d1040ebe9691407b00652981a2', -1, 10000000000000, None, 10000000000000)]
DEBUG:root:self.local_height 5772
DEBUG:root:self.blockchain.height 5772
DEBUG:root:self.local_height 5772
DEBUG:root:process_response
DEBUG:root:method blockchain.headers.subscribe
DEBUG:root:self.local_height 5772
DEBUG:root:self.blockchain.height 5772
DEBUG:root:self.local_height 5772
DEBUG:root:self.local_height 5772
DEBUG:root:self.blockchain.height 5772
DEBUG:root:self.local_height 5772
DEBUG:root:self.local_height 5772
DEBUG:root:self.blockchain.height 5772
DEBUG:root:self.local_height 5772
DEBUG:root:if_height > local_height + 50
DEBUG:root:chunk_idx 2
DEBUG:root:req_time 1529578076.05
DEBUG:root:interface.send_request None
DEBUG:root:process_response
DEBUG:root:method blockchain.address.subscribe
DEBUG:root:process_response
DEBUG:root:method blockchain.address.subscribe
DEBUG:root:process_response
DEBUG:root:method blockchain.address.subscribe
DEBUG:root:process_response
DEBUG:root:method blockchain.address.subscribe
DEBUG:root:process_response
DEBUG:root:method blockchain.address.subscribe
DEBUG:root:process_response
DEBUG:root:method blockchain.address.subscribe
DEBUG:root:process_response
DEBUG:root:method blockchain.address.subscribe
DEBUG:root:process_response
DEBUG:root:method blockchain.address.subscribe
DEBUG:root:process_response
DEBUG:root:method blockchain.address.subscribe
DEBUG:root:process_response
DEBUG:root:method blockchain.address.subscribe
DEBUG:root:process_response
DEBUG:root:method blockchain.address.subscribe
DEBUG:root:process_response
DEBUG:root:method blockchain.address.subscribe
DEBUG:root:process_response
DEBUG:root:method blockchain.address.subscribe
DEBUG:root:process_response
DEBUG:root:method blockchain.address.subscribe
DEBUG:root:process_response
DEBUG:root:method blockchain.address.subscribe
DEBUG:root:process_response
DEBUG:root:method blockchain.address.subscribe
DEBUG:root:process_response
DEBUG:root:method blockchain.address.subscribe
DEBUG:root:process_response
DEBUG:root:method blockchain.address.subscribe
DEBUG:root:process_response
DEBUG:root:method blockchain.address.subscribe
DEBUG:root:process_response
DEBUG:root:method blockchain.address.subscribe
DEBUG:root:process_response
DEBUG:root:method blockchain.address.subscribe
DEBUG:root:process_response
DEBUG:root:method blockchain.address.subscribe
DEBUG:root:process_response
DEBUG:root:method blockchain.address.subscribe
DEBUG:root:process_response
DEBUG:root:method blockchain.address.subscribe
DEBUG:root:process_response
DEBUG:root:method blockchain.address.subscribe
DEBUG:root:process_response
DEBUG:root:method blockchain.address.subscribe
DEBUG:root:process_response
DEBUG:root:method server.banner
DEBUG:root:process_response
DEBUG:root:method server.peers.subscribe
DEBUG:root:hereeeeee
DEBUG:root:tx_hash
DEBUG:root:cf563787eab4d2455ea7d9f08dbe361c370d78d1040ebe9691407b00652981a2
DEBUG:root:conf
DEBUG:root:-1
DEBUG:root:timestamp
DEBUG:root:None
DEBUG:root:process_response
DEBUG:root:method blockchain.address.subscribe
DEBUG:root:process_response
DEBUG:root:method blockchain.address.subscribe
DEBUG:root:process_response
DEBUG:root:method blockchain.address.subscribe
DEBUG:root:process_response
DEBUG:root:method blockchain.address.subscribe
DEBUG:root:process_response
DEBUG:root:method blockchain.address.subscribe
DEBUG:root:process_response
DEBUG:root:method blockchain.address.subscribe
DEBUG:root:process_response
DEBUG:root:method blockchain.address.subscribe
DEBUG:root:process_response
DEBUG:root:method blockchain.address.subscribe
DEBUG:root:process_response
DEBUG:root:method blockchain.address.subscribe
DEBUG:root:process_response
DEBUG:root:method blockchain.address.subscribe
DEBUG:root:process_response
DEBUG:root:method blockchain.address.subscribe
DEBUG:root:process_response
DEBUG:root:method blockchain.address.subscribe
DEBUG:root:process_response
DEBUG:root:method blockchain.address.subscribe
DEBUG:root:process_response
DEBUG:root:method blockchain.address.subscribe
DEBUG:root:process_response
DEBUG:root:method blockchain.address.subscribe
DEBUG:root:process_response
DEBUG:root:method blockchain.address.subscribe
DEBUG:root:process_response
DEBUG:root:method blockchain.address.subscribe
DEBUG:root:process_response
DEBUG:root:method blockchain.address.subscribe
DEBUG:root:process_response
DEBUG:root:method blockchain.address.subscribe
DEBUG:root:process_response
DEBUG:root:method blockchain.address.subscribe
DEBUG:root:process_response
DEBUG:root:method blockchain.address.subscribe
DEBUG:root:hereeeeee
DEBUG:root:tx_hash
DEBUG:root:cf563787eab4d2455ea7d9f08dbe361c370d78d1040ebe9691407b00652981a2
DEBUG:root:conf
DEBUG:root:-1
DEBUG:root:timestamp
DEBUG:root:None
DEBUG:root:h
DEBUG:root:[(u'cf563787eab4d2455ea7d9f08dbe361c370d78d1040ebe9691407b00652981a2', -1, 10000000000000, None, 10000000000000)]
DEBUG:root:domain
DEBUG:root:['DNmikPJmNqLBbrKznG4x1RNVvH871f1E2T', 'DSuLXkCBQjKBP3ym9VgPosYiwQ4vKoynqi', 'D5qhG6ue38CfiZUMx2PCpraWWusV1ifopH', 'D9jLsZYCDWVgDTqghmuEwSBWwzsLqWjF4R', 'DEoJTVyN9cWyQsnuikjQjQs7peZ8nXsbfQ', 'DJu1Dxr7SvNaihPLXLwg1kDXMFzPUGHkM1', 'DHH7FvezkN4bNELgEdphE2USxk6c2Xy65L', 'DFshwodLxD2zwk6SEDX2aXwwwPAYb7o3XC', 'DEtTVXhhDyvEqtk4kU2LbUqnh4sz8Kq5km', 'DPLBbS4gUbiZcEPLmTdainnM9pEq2QYXxe', 'DFrAuZhgqhb7ah6pcEKoect3AtX32ExVsH', 'DCBXqmsboiseRgp57d4G4jm63CcUMr8nV8', 'DTZtqMZq1tWEzt7SnF4Z7YQn86eV6peaek', 'DE1ogxyvtZEnuWd87ZK7kh9eipL4eBvP5k', 'DHgYHENRAHGFYjnZJsGBegcY8mze72cfMP', 'DBWX5JPnCiZbq5ccyF4wdg2qF25ph6bMb5', 'D8YaETBvcPhwDWUYFYbxnG2SBbMy3UQHtS', 'DS5nigkkFPKkRYB432jayggfDjidBUqD64', 'DJPpMfghP1kgZ9TEmjwKZ7CQbVgXB7Sw63', 'DTpEf4Psqz5YcYwJGuDm6xsE9K7kWrCvba', 'DPXxpRmvTmJ5YFDnbJ5ipaUXY9tnnso1fs', 'DJBRB9jiz84va3rtTtkuhphuUu98JjFgeC', 'D8g2uRWr7gn9yZoqUf4CB2RUvm1T4RdC6z', 'D5anpgoGPEBFV2LiySTCreDtYxQ1gLPZwG', 'DQxNcVbUzudqo7a6CiAe918jDdSmdy2wRs', 'DDTw722ewHLFQ5Ev58fVatwCon8rXAA16g']
DEBUG:root:self.current_account
DEBUG:root:None
DEBUG:root:[(u'cf563787eab4d2455ea7d9f08dbe361c370d78d1040ebe9691407b00652981a2', -1, 10000000000000, None, 10000000000000)]
DEBUG:root:process_response
DEBUG:root:method blockchain.address.subscribe
DEBUG:root:process_response
DEBUG:root:method blockchain.address.subscribe
DEBUG:root:process_response
DEBUG:root:method blockchain.address.subscribe
DEBUG:root:process_response
DEBUG:root:method blockchain.address.subscribe
DEBUG:root:process_response
DEBUG:root:method blockchain.address.subscribe
DEBUG:root:process_response
DEBUG:root:method blockchain.block.get_chunk
DEBUG:root:self.local_height 5772
DEBUG:root:self.blockchain.height 5772
DEBUG:root:self.local_height 5772
DEBUG:root:chunk_idx 1
DEBUG:root:req_time 1529578084.08
DEBUG:root:interface.send_request None
DEBUG:root:Queue.Empty
DEBUG:root:29060
DEBUG:root:self.get_local_height()
DEBUG:root:5772
DEBUG:root:txs
DEBUG:root:[]
DEBUG:root:unverified
DEBUG:root:[]
DEBUG:root:try
DEBUG:root:process_response
DEBUG:root:method blockchain.block.get_chunk
DEBUG:root:hereeeeee
DEBUG:root:tx_hash
DEBUG:root:cf563787eab4d2455ea7d9f08dbe361c370d78d1040ebe9691407b00652981a2
DEBUG:root:conf
DEBUG:root:-1
DEBUG:root:timestamp
DEBUG:root:None
DEBUG:root:Queue.Empty
DEBUG:root:29060
DEBUG:root:self.get_local_height()
DEBUG:root:5772
DEBUG:root:txs
DEBUG:root:[]
DEBUG:root:unverified
DEBUG:root:[]
DEBUG:root:try
DEBUG:root:hereeeeee
DEBUG:root:tx_hash
DEBUG:root:cf563787eab4d2455ea7d9f08dbe361c370d78d1040ebe9691407b00652981a2
DEBUG:root:conf
DEBUG:root:-1
DEBUG:root:timestamp
DEBUG:root:None
DEBUG:root:self.local_height 5772
DEBUG:root:self.blockchain.height 5772
DEBUG:root:self.local_height 5772
DEBUG:root:hereeeeee
DEBUG:root:tx_hash
DEBUG:root:cf563787eab4d2455ea7d9f08dbe361c370d78d1040ebe9691407b00652981a2
DEBUG:root:conf
DEBUG:root:-1
DEBUG:root:timestamp
DEBUG:root:None
DEBUG:root:hereeeeee
DEBUG:root:tx_hash
DEBUG:root:cf563787eab4d2455ea7d9f08dbe361c370d78d1040ebe9691407b00652981a2
DEBUG:root:conf
DEBUG:root:-1
DEBUG:root:timestamp
DEBUG:root:None
DEBUG:root:hereeeeee
DEBUG:root:tx_hash
DEBUG:root:cf563787eab4d2455ea7d9f08dbe361c370d78d1040ebe9691407b00652981a2
DEBUG:root:conf
DEBUG:root:-1
DEBUG:root:timestamp
DEBUG:root:None
DEBUG:root:h
DEBUG:root:[(u'cf563787eab4d2455ea7d9f08dbe361c370d78d1040ebe9691407b00652981a2', -1, 10000000000000, None, 10000000000000)]
DEBUG:root:domain
DEBUG:root:['DNmikPJmNqLBbrKznG4x1RNVvH871f1E2T', 'DSuLXkCBQjKBP3ym9VgPosYiwQ4vKoynqi', 'D5qhG6ue38CfiZUMx2PCpraWWusV1ifopH', 'D9jLsZYCDWVgDTqghmuEwSBWwzsLqWjF4R', 'DEoJTVyN9cWyQsnuikjQjQs7peZ8nXsbfQ', 'DJu1Dxr7SvNaihPLXLwg1kDXMFzPUGHkM1', 'DHH7FvezkN4bNELgEdphE2USxk6c2Xy65L', 'DFshwodLxD2zwk6SEDX2aXwwwPAYb7o3XC', 'DEtTVXhhDyvEqtk4kU2LbUqnh4sz8Kq5km', 'DPLBbS4gUbiZcEPLmTdainnM9pEq2QYXxe', 'DFrAuZhgqhb7ah6pcEKoect3AtX32ExVsH', 'DCBXqmsboiseRgp57d4G4jm63CcUMr8nV8', 'DTZtqMZq1tWEzt7SnF4Z7YQn86eV6peaek', 'DE1ogxyvtZEnuWd87ZK7kh9eipL4eBvP5k', 'DHgYHENRAHGFYjnZJsGBegcY8mze72cfMP', 'DBWX5JPnCiZbq5ccyF4wdg2qF25ph6bMb5', 'D8YaETBvcPhwDWUYFYbxnG2SBbMy3UQHtS', 'DS5nigkkFPKkRYB432jayggfDjidBUqD64', 'DJPpMfghP1kgZ9TEmjwKZ7CQbVgXB7Sw63', 'DTpEf4Psqz5YcYwJGuDm6xsE9K7kWrCvba', 'DPXxpRmvTmJ5YFDnbJ5ipaUXY9tnnso1fs', 'DJBRB9jiz84va3rtTtkuhphuUu98JjFgeC', 'D8g2uRWr7gn9yZoqUf4CB2RUvm1T4RdC6z', 'D5anpgoGPEBFV2LiySTCreDtYxQ1gLPZwG', 'DQxNcVbUzudqo7a6CiAe918jDdSmdy2wRs', 'DDTw722ewHLFQ5Ev58fVatwCon8rXAA16g']
DEBUG:root:self.current_account
DEBUG:root:None
DEBUG:root:[(u'cf563787eab4d2455ea7d9f08dbe361c370d78d1040ebe9691407b00652981a2', -1, 10000000000000, None, 10000000000000)]
DEBUG:root:process_response
DEBUG:root:method blockchain.headers.subscribe
DEBUG:root:self.local_height 5772
DEBUG:root:self.blockchain.height 5772
DEBUG:root:self.local_height 5772
DEBUG:root:self.local_height 5772
DEBUG:root:self.blockchain.height 5772
DEBUG:root:self.local_height 5772
DEBUG:root:self.local_height 5772
DEBUG:root:self.blockchain.height 5772
DEBUG:root:self.local_height 5772
DEBUG:root:if_height > local_height + 50
DEBUG:root:chunk_idx 2
DEBUG:root:req_time 1529578098.81
DEBUG:root:interface.send_request None
DEBUG:root:process_response
DEBUG:root:method blockchain.address.subscribe
DEBUG:root:process_response
DEBUG:root:method blockchain.address.subscribe
DEBUG:root:process_response
DEBUG:root:method blockchain.address.subscribe
DEBUG:root:process_response
DEBUG:root:method blockchain.address.subscribe
DEBUG:root:process_response
DEBUG:root:method blockchain.address.subscribe
DEBUG:root:process_response
DEBUG:root:method blockchain.address.subscribe
DEBUG:root:process_response
DEBUG:root:method blockchain.address.subscribe
DEBUG:root:process_response
DEBUG:root:method blockchain.address.subscribe
DEBUG:root:hereeeeee
DEBUG:root:tx_hash
DEBUG:root:cf563787eab4d2455ea7d9f08dbe361c370d78d1040ebe9691407b00652981a2
DEBUG:root:conf
DEBUG:root:-1
DEBUG:root:timestamp
DEBUG:root:None
DEBUG:root:process_response
DEBUG:root:method blockchain.address.subscribe
DEBUG:root:process_response
DEBUG:root:method blockchain.address.subscribe
DEBUG:root:process_response
DEBUG:root:method blockchain.address.subscribe
DEBUG:root:process_response
DEBUG:root:method blockchain.address.subscribe
DEBUG:root:process_response
DEBUG:root:method blockchain.address.subscribe
DEBUG:root:process_response
DEBUG:root:method blockchain.address.subscribe
DEBUG:root:process_response
DEBUG:root:method blockchain.address.subscribe
DEBUG:root:process_response
DEBUG:root:method blockchain.address.subscribe
DEBUG:root:process_response
DEBUG:root:method blockchain.address.subscribe
DEBUG:root:process_response
DEBUG:root:method blockchain.address.subscribe
DEBUG:root:process_response
DEBUG:root:method blockchain.address.subscribe
DEBUG:root:process_response
DEBUG:root:method blockchain.address.subscribe
DEBUG:root:process_response
DEBUG:root:method blockchain.address.subscribe
DEBUG:root:process_response
DEBUG:root:method blockchain.address.subscribe
DEBUG:root:process_response
DEBUG:root:method blockchain.address.subscribe
DEBUG:root:process_response
DEBUG:root:method blockchain.address.subscribe
DEBUG:root:process_response
DEBUG:root:method blockchain.address.subscribe
DEBUG:root:process_response
DEBUG:root:method blockchain.address.subscribe
DEBUG:root:process_response
DEBUG:root:method server.banner
DEBUG:root:process_response
DEBUG:root:method server.peers.subscribe
DEBUG:root:hereeeeee
DEBUG:root:tx_hash
DEBUG:root:cf563787eab4d2455ea7d9f08dbe361c370d78d1040ebe9691407b00652981a2
DEBUG:root:conf
DEBUG:root:-1
DEBUG:root:timestamp
DEBUG:root:None
DEBUG:root:h
DEBUG:root:[(u'cf563787eab4d2455ea7d9f08dbe361c370d78d1040ebe9691407b00652981a2', -1, 10000000000000, None, 10000000000000)]
DEBUG:root:domain
DEBUG:root:['DNmikPJmNqLBbrKznG4x1RNVvH871f1E2T', 'DSuLXkCBQjKBP3ym9VgPosYiwQ4vKoynqi', 'D5qhG6ue38CfiZUMx2PCpraWWusV1ifopH', 'D9jLsZYCDWVgDTqghmuEwSBWwzsLqWjF4R', 'DEoJTVyN9cWyQsnuikjQjQs7peZ8nXsbfQ', 'DJu1Dxr7SvNaihPLXLwg1kDXMFzPUGHkM1', 'DHH7FvezkN4bNELgEdphE2USxk6c2Xy65L', 'DFshwodLxD2zwk6SEDX2aXwwwPAYb7o3XC', 'DEtTVXhhDyvEqtk4kU2LbUqnh4sz8Kq5km', 'DPLBbS4gUbiZcEPLmTdainnM9pEq2QYXxe', 'DFrAuZhgqhb7ah6pcEKoect3AtX32ExVsH', 'DCBXqmsboiseRgp57d4G4jm63CcUMr8nV8', 'DTZtqMZq1tWEzt7SnF4Z7YQn86eV6peaek', 'DE1ogxyvtZEnuWd87ZK7kh9eipL4eBvP5k', 'DHgYHENRAHGFYjnZJsGBegcY8mze72cfMP', 'DBWX5JPnCiZbq5ccyF4wdg2qF25ph6bMb5', 'D8YaETBvcPhwDWUYFYbxnG2SBbMy3UQHtS', 'DS5nigkkFPKkRYB432jayggfDjidBUqD64', 'DJPpMfghP1kgZ9TEmjwKZ7CQbVgXB7Sw63', 'DTpEf4Psqz5YcYwJGuDm6xsE9K7kWrCvba', 'DPXxpRmvTmJ5YFDnbJ5ipaUXY9tnnso1fs', 'DJBRB9jiz84va3rtTtkuhphuUu98JjFgeC', 'D8g2uRWr7gn9yZoqUf4CB2RUvm1T4RdC6z', 'D5anpgoGPEBFV2LiySTCreDtYxQ1gLPZwG', 'DQxNcVbUzudqo7a6CiAe918jDdSmdy2wRs', 'DDTw722ewHLFQ5Ev58fVatwCon8rXAA16g']
DEBUG:root:self.current_account
DEBUG:root:None
DEBUG:root:[(u'cf563787eab4d2455ea7d9f08dbe361c370d78d1040ebe9691407b00652981a2', -1, 10000000000000, None, 10000000000000)]
DEBUG:root:Queue.Empty
DEBUG:root:29060
DEBUG:root:self.get_local_height()
DEBUG:root:5772
DEBUG:root:txs
DEBUG:root:[]
DEBUG:root:unverified
DEBUG:root:[]
DEBUG:root:try
DEBUG:root:process_response
DEBUG:root:method blockchain.block.get_chunk
DEBUG:root:self.local_height 5772
DEBUG:root:self.blockchain.height 5772
DEBUG:root:self.local_height 5772
DEBUG:root:chunk_idx 1
DEBUG:root:req_time 1529578106.87
DEBUG:root:interface.send_request None
DEBUG:root:process_response
DEBUG:root:method blockchain.block.get_chunk
DEBUG:root:Queue.Empty
DEBUG:root:29060
DEBUG:root:self.get_local_height()
DEBUG:root:5772
DEBUG:root:txs
DEBUG:root:[]
DEBUG:root:unverified
DEBUG:root:[]
DEBUG:root:try
DEBUG:root:hereeeeee
DEBUG:root:tx_hash
DEBUG:root:cf563787eab4d2455ea7d9f08dbe361c370d78d1040ebe9691407b00652981a2
DEBUG:root:conf
DEBUG:root:-1
DEBUG:root:timestamp
DEBUG:root:None
DEBUG:root:hereeeeee
DEBUG:root:tx_hash
DEBUG:root:cf563787eab4d2455ea7d9f08dbe361c370d78d1040ebe9691407b00652981a2
DEBUG:root:conf
DEBUG:root:-1
DEBUG:root:timestamp
DEBUG:root:None
DEBUG:root:self.local_height 5772
DEBUG:root:self.blockchain.height 5772
DEBUG:root:self.local_height 5772
DEBUG:root:hereeeeee
DEBUG:root:tx_hash
DEBUG:root:cf563787eab4d2455ea7d9f08dbe361c370d78d1040ebe9691407b00652981a2
DEBUG:root:conf
DEBUG:root:-1
DEBUG:root:timestamp
DEBUG:root:None
DEBUG:root:hereeeeee
DEBUG:root:tx_hash
DEBUG:root:cf563787eab4d2455ea7d9f08dbe361c370d78d1040ebe9691407b00652981a2
DEBUG:root:conf
DEBUG:root:-1
DEBUG:root:timestamp
DEBUG:root:None
DEBUG:root:hereeeeee
DEBUG:root:tx_hash
DEBUG:root:cf563787eab4d2455ea7d9f08dbe361c370d78d1040ebe9691407b00652981a2
DEBUG:root:conf
DEBUG:root:-1
DEBUG:root:timestamp
DEBUG:root:None
DEBUG:root:h
DEBUG:root:[(u'cf563787eab4d2455ea7d9f08dbe361c370d78d1040ebe9691407b00652981a2', -1, 10000000000000, None, 10000000000000)]
DEBUG:root:domain
DEBUG:root:['DNmikPJmNqLBbrKznG4x1RNVvH871f1E2T', 'DSuLXkCBQjKBP3ym9VgPosYiwQ4vKoynqi', 'D5qhG6ue38CfiZUMx2PCpraWWusV1ifopH', 'D9jLsZYCDWVgDTqghmuEwSBWwzsLqWjF4R', 'DEoJTVyN9cWyQsnuikjQjQs7peZ8nXsbfQ', 'DJu1Dxr7SvNaihPLXLwg1kDXMFzPUGHkM1', 'DHH7FvezkN4bNELgEdphE2USxk6c2Xy65L', 'DFshwodLxD2zwk6SEDX2aXwwwPAYb7o3XC', 'DEtTVXhhDyvEqtk4kU2LbUqnh4sz8Kq5km', 'DPLBbS4gUbiZcEPLmTdainnM9pEq2QYXxe', 'DFrAuZhgqhb7ah6pcEKoect3AtX32ExVsH', 'DCBXqmsboiseRgp57d4G4jm63CcUMr8nV8', 'DTZtqMZq1tWEzt7SnF4Z7YQn86eV6peaek', 'DE1ogxyvtZEnuWd87ZK7kh9eipL4eBvP5k', 'DHgYHENRAHGFYjnZJsGBegcY8mze72cfMP', 'DBWX5JPnCiZbq5ccyF4wdg2qF25ph6bMb5', 'D8YaETBvcPhwDWUYFYbxnG2SBbMy3UQHtS', 'DS5nigkkFPKkRYB432jayggfDjidBUqD64', 'DJPpMfghP1kgZ9TEmjwKZ7CQbVgXB7Sw63', 'DTpEf4Psqz5YcYwJGuDm6xsE9K7kWrCvba', 'DPXxpRmvTmJ5YFDnbJ5ipaUXY9tnnso1fs', 'DJBRB9jiz84va3rtTtkuhphuUu98JjFgeC', 'D8g2uRWr7gn9yZoqUf4CB2RUvm1T4RdC6z', 'D5anpgoGPEBFV2LiySTCreDtYxQ1gLPZwG', 'DQxNcVbUzudqo7a6CiAe918jDdSmdy2wRs', 'DDTw722ewHLFQ5Ev58fVatwCon8rXAA16g']
DEBUG:root:self.current_account
DEBUG:root:None
DEBUG:root:[(u'cf563787eab4d2455ea7d9f08dbe361c370d78d1040ebe9691407b00652981a2', -1, 10000000000000, None, 10000000000000)]
DEBUG:root:process_response
DEBUG:root:method blockchain.headers.subscribe
DEBUG:root:self.local_height 5772
DEBUG:root:self.blockchain.height 5772
DEBUG:root:self.local_height 5772
DEBUG:root:self.local_height 5772
DEBUG:root:self.blockchain.height 5772
DEBUG:root:self.local_height 5772
DEBUG:root:self.local_height 5772
DEBUG:root:self.blockchain.height 5772
DEBUG:root:self.local_height 5772
DEBUG:root:if_height > local_height + 50
DEBUG:root:chunk_idx 2
DEBUG:root:req_time 1529578122.09
DEBUG:root:interface.send_request None
DEBUG:root:process_response
DEBUG:root:method blockchain.address.subscribe
DEBUG:root:process_response
DEBUG:root:method blockchain.address.subscribe
DEBUG:root:process_response
DEBUG:root:method blockchain.address.subscribe
DEBUG:root:process_response
DEBUG:root:method blockchain.address.subscribe
DEBUG:root:process_response
DEBUG:root:method blockchain.address.subscribe
DEBUG:root:process_response
DEBUG:root:method blockchain.address.subscribe
DEBUG:root:process_response
DEBUG:root:method blockchain.address.subscribe
DEBUG:root:process_response
DEBUG:root:method blockchain.address.subscribe
DEBUG:root:hereeeeee
DEBUG:root:tx_hash
DEBUG:root:cf563787eab4d2455ea7d9f08dbe361c370d78d1040ebe9691407b00652981a2
DEBUG:root:conf
DEBUG:root:-1
DEBUG:root:timestamp
DEBUG:root:None
DEBUG:root:process_response
DEBUG:root:method blockchain.address.subscribe
DEBUG:root:process_response
DEBUG:root:method blockchain.address.subscribe
DEBUG:root:process_response
DEBUG:root:method blockchain.address.subscribe
DEBUG:root:process_response
DEBUG:root:method blockchain.address.subscribe
DEBUG:root:process_response
DEBUG:root:method blockchain.address.subscribe
DEBUG:root:process_response
DEBUG:root:method blockchain.address.subscribe
DEBUG:root:process_response
DEBUG:root:method blockchain.address.subscribe
DEBUG:root:process_response
DEBUG:root:method blockchain.address.subscribe
DEBUG:root:process_response
DEBUG:root:method blockchain.address.subscribe
DEBUG:root:process_response
DEBUG:root:method blockchain.address.subscribe
DEBUG:root:process_response
DEBUG:root:method blockchain.address.subscribe
DEBUG:root:process_response
DEBUG:root:method blockchain.address.subscribe
DEBUG:root:process_response
DEBUG:root:method blockchain.address.subscribe
DEBUG:root:process_response
DEBUG:root:method blockchain.address.subscribe
DEBUG:root:process_response
DEBUG:root:method blockchain.address.subscribe
DEBUG:root:process_response
DEBUG:root:method blockchain.address.subscribe
DEBUG:root:process_response
DEBUG:root:method blockchain.address.subscribe
DEBUG:root:hereeeeee
DEBUG:root:tx_hash
DEBUG:root:cf563787eab4d2455ea7d9f08dbe361c370d78d1040ebe9691407b00652981a2
DEBUG:root:conf
DEBUG:root:-1
DEBUG:root:timestamp
DEBUG:root:None
DEBUG:root:h
DEBUG:root:[(u'cf563787eab4d2455ea7d9f08dbe361c370d78d1040ebe9691407b00652981a2', -1, 10000000000000, None, 10000000000000)]
DEBUG:root:domain
DEBUG:root:['DNmikPJmNqLBbrKznG4x1RNVvH871f1E2T', 'DSuLXkCBQjKBP3ym9VgPosYiwQ4vKoynqi', 'D5qhG6ue38CfiZUMx2PCpraWWusV1ifopH', 'D9jLsZYCDWVgDTqghmuEwSBWwzsLqWjF4R', 'DEoJTVyN9cWyQsnuikjQjQs7peZ8nXsbfQ', 'DJu1Dxr7SvNaihPLXLwg1kDXMFzPUGHkM1', 'DHH7FvezkN4bNELgEdphE2USxk6c2Xy65L', 'DFshwodLxD2zwk6SEDX2aXwwwPAYb7o3XC', 'DEtTVXhhDyvEqtk4kU2LbUqnh4sz8Kq5km', 'DPLBbS4gUbiZcEPLmTdainnM9pEq2QYXxe', 'DFrAuZhgqhb7ah6pcEKoect3AtX32ExVsH', 'DCBXqmsboiseRgp57d4G4jm63CcUMr8nV8', 'DTZtqMZq1tWEzt7SnF4Z7YQn86eV6peaek', 'DE1ogxyvtZEnuWd87ZK7kh9eipL4eBvP5k', 'DHgYHENRAHGFYjnZJsGBegcY8mze72cfMP', 'DBWX5JPnCiZbq5ccyF4wdg2qF25ph6bMb5', 'D8YaETBvcPhwDWUYFYbxnG2SBbMy3UQHtS', 'DS5nigkkFPKkRYB432jayggfDjidBUqD64', 'DJPpMfghP1kgZ9TEmjwKZ7CQbVgXB7Sw63', 'DTpEf4Psqz5YcYwJGuDm6xsE9K7kWrCvba', 'DPXxpRmvTmJ5YFDnbJ5ipaUXY9tnnso1fs', 'DJBRB9jiz84va3rtTtkuhphuUu98JjFgeC', 'D8g2uRWr7gn9yZoqUf4CB2RUvm1T4RdC6z', 'D5anpgoGPEBFV2LiySTCreDtYxQ1gLPZwG', 'DQxNcVbUzudqo7a6CiAe918jDdSmdy2wRs', 'DDTw722ewHLFQ5Ev58fVatwCon8rXAA16g']
DEBUG:root:self.current_account
DEBUG:root:None
DEBUG:root:[(u'cf563787eab4d2455ea7d9f08dbe361c370d78d1040ebe9691407b00652981a2', -1, 10000000000000, None, 10000000000000)]
DEBUG:root:process_response
DEBUG:root:method blockchain.address.subscribe
DEBUG:root:process_response
DEBUG:root:method server.banner
DEBUG:root:process_response
DEBUG:root:method server.peers.subscribe
DEBUG:root:Queue.Empty
DEBUG:root:29060
DEBUG:root:self.get_local_height()
DEBUG:root:5772
DEBUG:root:txs
DEBUG:root:[]
DEBUG:root:unverified
DEBUG:root:[]
DEBUG:root:try
DEBUG:root:process_response
DEBUG:root:method blockchain.block.get_chunk
DEBUG:root:self.local_height 5772
DEBUG:root:self.blockchain.height 5772
DEBUG:root:self.local_height 5772
DEBUG:root:chunk_idx 1
DEBUG:root:req_time 1529578130.12
DEBUG:root:interface.send_request None
DEBUG:root:Queue.Empty
DEBUG:root:29060
DEBUG:root:self.get_local_height()
DEBUG:root:5772
DEBUG:root:txs
DEBUG:root:[]
DEBUG:root:unverified
DEBUG:root:[]
DEBUG:root:try
DEBUG:root:process_response
DEBUG:root:method blockchain.block.get_chunk
DEBUG:root:hereeeeee
DEBUG:root:tx_hash
DEBUG:root:cf563787eab4d2455ea7d9f08dbe361c370d78d1040ebe9691407b00652981a2
DEBUG:root:conf
DEBUG:root:-1
DEBUG:root:timestamp
DEBUG:root:None
DEBUG:root:hereeeeee
DEBUG:root:tx_hash
DEBUG:root:cf563787eab4d2455ea7d9f08dbe361c370d78d1040ebe9691407b00652981a2
DEBUG:root:conf
DEBUG:root:-1
DEBUG:root:timestamp
DEBUG:root:None
DEBUG:root:Queue.Empty
DEBUG:root:29060
DEBUG:root:self.get_local_height()
DEBUG:root:5772
DEBUG:root:txs
DEBUG:root:[]
DEBUG:root:unverified
DEBUG:root:[]
DEBUG:root:try
DEBUG:root:self.local_height 5772
DEBUG:root:self.blockchain.height 5772
DEBUG:root:self.local_height 5772
DEBUG:root:hereeeeee
DEBUG:root:tx_hash
DEBUG:root:cf563787eab4d2455ea7d9f08dbe361c370d78d1040ebe9691407b00652981a2
DEBUG:root:conf
DEBUG:root:-1
DEBUG:root:timestamp
DEBUG:root:None
DEBUG:root:hereeeeee
DEBUG:root:tx_hash
DEBUG:root:cf563787eab4d2455ea7d9f08dbe361c370d78d1040ebe9691407b00652981a2
DEBUG:root:conf
DEBUG:root:-1
DEBUG:root:timestamp
DEBUG:root:None
DEBUG:root:hereeeeee
DEBUG:root:tx_hash
DEBUG:root:cf563787eab4d2455ea7d9f08dbe361c370d78d1040ebe9691407b00652981a2
DEBUG:root:conf
DEBUG:root:-1
DEBUG:root:timestamp
DEBUG:root:None
DEBUG:root:h
DEBUG:root:[(u'cf563787eab4d2455ea7d9f08dbe361c370d78d1040ebe9691407b00652981a2', -1, 10000000000000, None, 10000000000000)]
DEBUG:root:domain
DEBUG:root:['DNmikPJmNqLBbrKznG4x1RNVvH871f1E2T', 'DSuLXkCBQjKBP3ym9VgPosYiwQ4vKoynqi', 'D5qhG6ue38CfiZUMx2PCpraWWusV1ifopH', 'D9jLsZYCDWVgDTqghmuEwSBWwzsLqWjF4R', 'DEoJTVyN9cWyQsnuikjQjQs7peZ8nXsbfQ', 'DJu1Dxr7SvNaihPLXLwg1kDXMFzPUGHkM1', 'DHH7FvezkN4bNELgEdphE2USxk6c2Xy65L', 'DFshwodLxD2zwk6SEDX2aXwwwPAYb7o3XC', 'DEtTVXhhDyvEqtk4kU2LbUqnh4sz8Kq5km', 'DPLBbS4gUbiZcEPLmTdainnM9pEq2QYXxe', 'DFrAuZhgqhb7ah6pcEKoect3AtX32ExVsH', 'DCBXqmsboiseRgp57d4G4jm63CcUMr8nV8', 'DTZtqMZq1tWEzt7SnF4Z7YQn86eV6peaek', 'DE1ogxyvtZEnuWd87ZK7kh9eipL4eBvP5k', 'DHgYHENRAHGFYjnZJsGBegcY8mze72cfMP', 'DBWX5JPnCiZbq5ccyF4wdg2qF25ph6bMb5', 'D8YaETBvcPhwDWUYFYbxnG2SBbMy3UQHtS', 'DS5nigkkFPKkRYB432jayggfDjidBUqD64', 'DJPpMfghP1kgZ9TEmjwKZ7CQbVgXB7Sw63', 'DTpEf4Psqz5YcYwJGuDm6xsE9K7kWrCvba', 'DPXxpRmvTmJ5YFDnbJ5ipaUXY9tnnso1fs', 'DJBRB9jiz84va3rtTtkuhphuUu98JjFgeC', 'D8g2uRWr7gn9yZoqUf4CB2RUvm1T4RdC6z', 'D5anpgoGPEBFV2LiySTCreDtYxQ1gLPZwG', 'DQxNcVbUzudqo7a6CiAe918jDdSmdy2wRs', 'DDTw722ewHLFQ5Ev58fVatwCon8rXAA16g']
DEBUG:root:self.current_account
DEBUG:root:None
DEBUG:root:[(u'cf563787eab4d2455ea7d9f08dbe361c370d78d1040ebe9691407b00652981a2', -1, 10000000000000, None, 10000000000000)]
DEBUG:root:process_response
DEBUG:root:method blockchain.headers.subscribe
DEBUG:root:self.local_height 5772
DEBUG:root:self.blockchain.height 5772
DEBUG:root:self.local_height 5772
DEBUG:root:self.local_height 5772
DEBUG:root:self.blockchain.height 5772
DEBUG:root:self.local_height 5772
DEBUG:root:self.local_height 5772
DEBUG:root:self.blockchain.height 5772
DEBUG:root:self.local_height 5772
DEBUG:root:if_height > local_height + 50
DEBUG:root:chunk_idx 2
DEBUG:root:req_time 1529578146.33
DEBUG:root:interface.send_request None
DEBUG:root:process_response
DEBUG:root:method blockchain.address.subscribe
DEBUG:root:process_response
DEBUG:root:method blockchain.address.subscribe
DEBUG:root:process_response
DEBUG:root:method blockchain.address.subscribe
DEBUG:root:process_response
DEBUG:root:method blockchain.address.subscribe
DEBUG:root:process_response
DEBUG:root:method blockchain.address.subscribe
DEBUG:root:process_response
DEBUG:root:method blockchain.address.subscribe
DEBUG:root:process_response
DEBUG:root:method blockchain.address.subscribe
DEBUG:root:process_response
DEBUG:root:method blockchain.address.subscribe
DEBUG:root:hereeeeee
DEBUG:root:tx_hash
DEBUG:root:cf563787eab4d2455ea7d9f08dbe361c370d78d1040ebe9691407b00652981a2
DEBUG:root:conf
DEBUG:root:-1
DEBUG:root:timestamp
DEBUG:root:None
DEBUG:root:hereeeeee
DEBUG:root:tx_hash
DEBUG:root:cf563787eab4d2455ea7d9f08dbe361c370d78d1040ebe9691407b00652981a2
DEBUG:root:conf
DEBUG:root:-1
DEBUG:root:timestamp
DEBUG:root:None
DEBUG:root:h
DEBUG:root:[(u'cf563787eab4d2455ea7d9f08dbe361c370d78d1040ebe9691407b00652981a2', -1, 10000000000000, None, 10000000000000)]
DEBUG:root:domain
DEBUG:root:['DNmikPJmNqLBbrKznG4x1RNVvH871f1E2T', 'DSuLXkCBQjKBP3ym9VgPosYiwQ4vKoynqi', 'D5qhG6ue38CfiZUMx2PCpraWWusV1ifopH', 'D9jLsZYCDWVgDTqghmuEwSBWwzsLqWjF4R', 'DEoJTVyN9cWyQsnuikjQjQs7peZ8nXsbfQ', 'DJu1Dxr7SvNaihPLXLwg1kDXMFzPUGHkM1', 'DHH7FvezkN4bNELgEdphE2USxk6c2Xy65L', 'DFshwodLxD2zwk6SEDX2aXwwwPAYb7o3XC', 'DEtTVXhhDyvEqtk4kU2LbUqnh4sz8Kq5km', 'DPLBbS4gUbiZcEPLmTdainnM9pEq2QYXxe', 'DFrAuZhgqhb7ah6pcEKoect3AtX32ExVsH', 'DCBXqmsboiseRgp57d4G4jm63CcUMr8nV8', 'DTZtqMZq1tWEzt7SnF4Z7YQn86eV6peaek', 'DE1ogxyvtZEnuWd87ZK7kh9eipL4eBvP5k', 'DHgYHENRAHGFYjnZJsGBegcY8mze72cfMP', 'DBWX5JPnCiZbq5ccyF4wdg2qF25ph6bMb5', 'D8YaETBvcPhwDWUYFYbxnG2SBbMy3UQHtS', 'DS5nigkkFPKkRYB432jayggfDjidBUqD64', 'DJPpMfghP1kgZ9TEmjwKZ7CQbVgXB7Sw63', 'DTpEf4Psqz5YcYwJGuDm6xsE9K7kWrCvba', 'DPXxpRmvTmJ5YFDnbJ5ipaUXY9tnnso1fs', 'DJBRB9jiz84va3rtTtkuhphuUu98JjFgeC', 'D8g2uRWr7gn9yZoqUf4CB2RUvm1T4RdC6z', 'D5anpgoGPEBFV2LiySTCreDtYxQ1gLPZwG', 'DQxNcVbUzudqo7a6CiAe918jDdSmdy2wRs', 'DDTw722ewHLFQ5Ev58fVatwCon8rXAA16g']
DEBUG:root:self.current_account
DEBUG:root:None
DEBUG:root:[(u'cf563787eab4d2455ea7d9f08dbe361c370d78d1040ebe9691407b00652981a2', -1, 10000000000000, None, 10000000000000)]
DEBUG:root:process_response
DEBUG:root:method blockchain.address.subscribe
DEBUG:root:process_response
DEBUG:root:method blockchain.address.subscribe
DEBUG:root:process_response
DEBUG:root:method blockchain.address.subscribe
DEBUG:root:process_response
DEBUG:root:method blockchain.address.subscribe
DEBUG:root:process_response
DEBUG:root:method blockchain.address.subscribe
DEBUG:root:process_response
DEBUG:root:method blockchain.address.subscribe
DEBUG:root:process_response
DEBUG:root:method blockchain.address.subscribe
DEBUG:root:process_response
DEBUG:root:method blockchain.address.subscribe
DEBUG:root:process_response
DEBUG:root:method blockchain.address.subscribe
DEBUG:root:process_response
DEBUG:root:method blockchain.address.subscribe
DEBUG:root:process_response
DEBUG:root:method blockchain.address.subscribe
DEBUG:root:process_response
DEBUG:root:method blockchain.address.subscribe
DEBUG:root:process_response
DEBUG:root:method blockchain.address.subscribe
DEBUG:root:process_response
DEBUG:root:method blockchain.address.subscribe
DEBUG:root:process_response
DEBUG:root:method blockchain.address.subscribe
DEBUG:root:process_response
DEBUG:root:method blockchain.address.subscribe
DEBUG:root:process_response
DEBUG:root:method blockchain.address.subscribe
DEBUG:root:process_response
DEBUG:root:method blockchain.address.subscribe
DEBUG:root:process_response
DEBUG:root:method server.banner
DEBUG:root:process_response
DEBUG:root:method server.peers.subscribe
DEBUG:root:Queue.Empty
DEBUG:root:29060
DEBUG:root:self.get_local_height()
DEBUG:root:5772
DEBUG:root:txs
DEBUG:root:[]
DEBUG:root:unverified
DEBUG:root:[]
DEBUG:root:try
DEBUG:root:process_response
DEBUG:root:method blockchain.block.get_chunk
DEBUG:root:self.local_height 5772
DEBUG:root:self.blockchain.height 5772
DEBUG:root:self.local_height 5772
DEBUG:root:chunk_idx 1
DEBUG:root:req_time 1529578154.64
DEBUG:root:interface.send_request None
DEBUG:root:Queue.Empty
